La génération a démarré 2014-10-28 11:18:05.
     1>Projet "C:\Users\1386178\Desktop\WormsDePimp\WormsDePimp\WormsDePimp.vcxproj" sur le nœud 2 (Build cible(s)).
     1>ClCompile:
         C:\Program Files (x86)\Microsoft Visual Studio 12.0\VC\bin\CL.exe /c /ZI /nologo /W3 /WX- /sdl /Od /Oy- /D _MBCS /Gm /EHsc /RTC1 /MDd /GS /fp:precise /Zc:wchar_t /Zc:forScope /Fo"Debug\\" /Fd"Debug\vc120.pdb" /Gd /TP /analyze- /errorReport:prompt Texture.cpp
         Texture.cpp
     1>c:\users\1386178\desktop\wormsdepimp\wormsdepimp\texture.cpp(23): warning C4244: 'argument' : conversion de 'int' en 'float', perte possible de données
       Link:
         C:\Program Files (x86)\Microsoft Visual Studio 12.0\VC\bin\link.exe /ERRORREPORT:PROMPT /OUT:"C:\Users\1386178\Desktop\WormsDePimp\Debug\WormsDePimp.exe" /INCREMENTAL /NOLOGO SDL2.lib SDL2main.lib SDL2_image.lib SDL2_ttf.lib kernel32.lib user32.lib gdi32.lib winspool.lib comdlg32.lib advapi32.lib shell32.lib ole32.lib oleaut32.lib uuid.lib odbc32.lib odbccp32.lib /MANIFEST /MANIFESTUAC:"level='asInvoker' uiAccess='false'" /manifest:embed /DEBUG /PDB:"C:\Users\1386178\Desktop\WormsDePimp\Debug\WormsDePimp.pdb" /SUBSYSTEM:CONSOLE /TLBID:1 /DYNAMICBASE /NXCOMPAT /IMPLIB:"C:\Users\1386178\Desktop\WormsDePimp\Debug\WormsDePimp.lib" /MACHINE:X86 Debug\AnimatedSprite.obj
         Debug\AssetsManager.obj
         Debug\Clock.obj
         Debug\Color.obj
         Debug\Explosion.obj
         Debug\ExplosionsManager.obj
         Debug\Keyboard.obj
         Debug\main.obj
         Debug\Mouse.obj
         Debug\Player.obj
         Debug\PlayerInputComponent.obj
         Debug\PlayerPhysicsComponent.obj
         Debug\Sprite.obj
         Debug\Terrain.obj
         Debug\Text.obj
         Debug\Texture.obj
         Debug\Transformable.obj
         Debug\View.obj
         Debug\Window.obj
         Debug\WindowsManager.obj
         WormsDePimp.vcxproj -> C:\Users\1386178\Desktop\WormsDePimp\Debug\WormsDePimp.exe
     1>Génération du projet "C:\Users\1386178\Desktop\WormsDePimp\WormsDePimp\WormsDePimp.vcxproj" terminée (Build cible(s)).

La génération a réussi.

Temps écoulé 00:00:00.65
