La génération a démarré 03/12/2014 23:23:26.
     1>Projet "C:\Users\Damien Arroyo\Desktop\SimWorms\SimWormsProject\SimWorms\SimWorms.vcxproj" sur le nœud 2 (Build cible(s)).
     1>Link:
         C:\Program Files (x86)\Microsoft Visual Studio 12.0\VC\bin\link.exe /ERRORREPORT:PROMPT /OUT:"C:\Users\Damien Arroyo\Desktop\SimWorms\SimWormsProject\Debug\SimWorms.exe" /INCREMENTAL /NOLOGO SDL2.lib SDL2main.lib SDL2_ttf.lib SDL2_image.lib kernel32.lib user32.lib gdi32.lib winspool.lib comdlg32.lib advapi32.lib shell32.lib ole32.lib oleaut32.lib uuid.lib odbc32.lib odbccp32.lib /MANIFEST /MANIFESTUAC:"level='asInvoker' uiAccess='false'" /manifest:embed /DEBUG /PDB:"C:\Users\Damien Arroyo\Desktop\SimWorms\SimWormsProject\Debug\SimWorms.pdb" /SUBSYSTEM:CONSOLE /TLBID:1 /DYNAMICBASE /NXCOMPAT /IMPLIB:"C:\Users\Damien Arroyo\Desktop\SimWorms\SimWormsProject\Debug\SimWorms.lib" /MACHINE:X86 Debug\AssetsManager.obj
         Debug\EventManager.obj
         Debug\Explosion.obj
         Debug\ExplosionsManager.obj
         Debug\GameOptionsManager.obj
         Debug\GuiCheckBox.obj
         Debug\GuiGameMenu.obj
         Debug\GuiMainMenu.obj
         Debug\GuiTextBox.obj
         Debug\GuiWeaponMenu.obj
         Debug\main.obj
         Debug\MainMenuState.obj
         Debug\Map.obj
         Debug\AnimatedSprite.obj
         Debug\Clock.obj
         Debug\Color.obj
         Debug\Keyboard.obj
         Debug\Mouse.obj
         Debug\Sprite.obj
         Debug\StaticSprite.obj
         Debug\StaticText.obj
         Debug\Text.obj
         Debug\Texture.obj
         Debug\Transformable.obj
         Debug\VideoMode.obj
         Debug\View.obj
         Debug\Window.obj
         Debug\PhysicsComponent.obj
         Debug\Player.obj
         Debug\PlayerInputComponent.obj
         Debug\PlayerPhysicsComponent.obj
         Debug\ScreenStateManager.obj
         Debug\SplashScreenState.obj
         Debug\Terrain.obj
     1>MSVCRTD.lib(cinitexe.obj) : warning LNK4098: conflit entre la bibliothèque par défaut 'msvcrt.lib' et les autres bibliothèques ; utilisez /NODEFAULTLIB:library
     1>main.obj : error LNK2019: symbole externe non résolu "public: __thiscall GuiWeaponMenu::~GuiWeaponMenu(void)" (??1GuiWeaponMenu@@QAE@XZ) référencé dans la fonction _SDL_main
     1>PlayerInputComponent.obj : error LNK2019: symbole externe non résolu "public: void __thiscall Entity::moveLeft(float)" (?moveLeft@Entity@@QAEXM@Z) référencé dans la fonction "public: void __thiscall PlayerInputComponent::update(class Entity *,float)" (?update@PlayerInputComponent@@QAEXPAVEntity@@M@Z)
     1>PlayerInputComponent.obj : error LNK2019: symbole externe non résolu "public: void __thiscall Entity::moveRight(float)" (?moveRight@Entity@@QAEXM@Z) référencé dans la fonction "public: void __thiscall PlayerInputComponent::update(class Entity *,float)" (?update@PlayerInputComponent@@QAEXPAVEntity@@M@Z)
     1>PlayerInputComponent.obj : error LNK2019: symbole externe non résolu "public: void __thiscall Entity::jump(float)" (?jump@Entity@@QAEXM@Z) référencé dans la fonction "public: void __thiscall PlayerInputComponent::update(class Entity *,float)" (?update@PlayerInputComponent@@QAEXPAVEntity@@M@Z)
     1>PlayerInputComponent.obj : error LNK2019: symbole externe non résolu "public: void __thiscall Entity::stop(void)" (?stop@Entity@@QAEXXZ) référencé dans la fonction "public: void __thiscall PlayerInputComponent::update(class Entity *,float)" (?update@PlayerInputComponent@@QAEXPAVEntity@@M@Z)
     1>PlayerPhysicsComponent.obj : error LNK2019: symbole externe non résolu "public: class sdl::Vector2<float> & __thiscall Entity::getPosition(void)" (?getPosition@Entity@@QAEAAV?$Vector2@M@sdl@@XZ) référencé dans la fonction "public: virtual void __thiscall PlayerPhysicsComponent::checkCollision(class Entity *,class Terrain &,float)" (?checkCollision@PlayerPhysicsComponent@@UAEXPAVEntity@@AAVTerrain@@M@Z)
     1>PlayerPhysicsComponent.obj : error LNK2019: symbole externe non résolu "public: class sdl::Vector2<float> & __thiscall Entity::getVelocity(void)" (?getVelocity@Entity@@QAEAAV?$Vector2@M@sdl@@XZ) référencé dans la fonction "public: virtual bool __thiscall PlayerPhysicsComponent::cantMove(class Entity *)" (?cantMove@PlayerPhysicsComponent@@UAE_NPAVEntity@@@Z)
     1>PlayerPhysicsComponent.obj : error LNK2019: symbole externe non résolu "public: class sdl::Rect<float> & __thiscall Entity::getBounds(void)" (?getBounds@Entity@@QAEAAV?$Rect@M@sdl@@XZ) référencé dans la fonction "public: virtual void __thiscall PlayerPhysicsComponent::checkCollision(class Entity *,class Terrain &,float)" (?checkCollision@PlayerPhysicsComponent@@UAEXPAVEntity@@AAVTerrain@@M@Z)
     1>PlayerPhysicsComponent.obj : error LNK2019: symbole externe non résolu "public: void __thiscall Entity::setPosition(class sdl::Vector2<float> &)" (?setPosition@Entity@@QAEXAAV?$Vector2@M@sdl@@@Z) référencé dans la fonction "public: virtual void __thiscall PlayerPhysicsComponent::checkCollision(class Entity *,class Terrain &,float)" (?checkCollision@PlayerPhysicsComponent@@UAEXPAVEntity@@AAVTerrain@@M@Z)
     1>PlayerPhysicsComponent.obj : error LNK2019: symbole externe non résolu "public: void __thiscall Entity::setVelocity(class sdl::Vector2<float> &)" (?setVelocity@Entity@@QAEXAAV?$Vector2@M@sdl@@@Z) référencé dans la fonction "public: virtual void __thiscall PlayerPhysicsComponent::checkCollision(class Entity *,class Terrain &,float)" (?checkCollision@PlayerPhysicsComponent@@UAEXPAVEntity@@AAVTerrain@@M@Z)
     1>PlayerPhysicsComponent.obj : error LNK2019: symbole externe non résolu "public: bool __thiscall Entity::isPixelSolid(class sdl::Vector2<float> &)" (?isPixelSolid@Entity@@QAE_NAAV?$Vector2@M@sdl@@@Z) référencé dans la fonction "public: virtual void __thiscall PlayerPhysicsComponent::checkCollision(class Entity *,class Terrain &,float)" (?checkCollision@PlayerPhysicsComponent@@UAEXPAVEntity@@AAVTerrain@@M@Z)
     1>C:\Users\Damien Arroyo\Desktop\SimWorms\SimWormsProject\Debug\SimWorms.exe : fatal error LNK1120: 11 externes non résolus
     1>Génération du projet "C:\Users\Damien Arroyo\Desktop\SimWorms\SimWormsProject\SimWorms\SimWorms.vcxproj" terminée (Build cible(s)) -- ÉCHEC.

ÉCHEC de la build.

Temps écoulé 00:00:00.31
