c:\users\1323891\desktop\simworms\simwormsproject\simworms\debug\vc120.pdb
c:\users\1323891\desktop\simworms\simwormsproject\simworms\debug\vc120.idb
c:\users\1323891\desktop\simworms\simwormsproject\simworms\debug\clock.obj
c:\users\1323891\desktop\simworms\simwormsproject\simworms\debug\color.obj
c:\users\1323891\desktop\simworms\simwormsproject\simworms\debug\keyboard.obj
c:\users\1323891\desktop\simworms\simwormsproject\simworms\debug\mouse.obj
c:\users\1323891\desktop\simworms\simwormsproject\simworms\debug\sprite.obj
c:\users\1323891\desktop\simworms\simwormsproject\simworms\debug\staticsprite.obj
c:\users\1323891\desktop\simworms\simwormsproject\simworms\debug\statictext.obj
c:\users\1323891\desktop\simworms\simwormsproject\simworms\debug\text.obj
c:\users\1323891\desktop\simworms\simwormsproject\simworms\debug\texture.obj
c:\users\1323891\desktop\simworms\simwormsproject\simworms\debug\transformable.obj
c:\users\1323891\desktop\simworms\simwormsproject\simworms\debug\videomode.obj
c:\users\1323891\desktop\simworms\simwormsproject\simworms\debug\view.obj
c:\users\1323891\desktop\simworms\simwormsproject\simworms\debug\window.obj
c:\users\1323891\desktop\simworms\simwormsproject\simworms\debug\physicscomponent.obj
c:\users\1323891\desktop\simworms\simwormsproject\simworms\debug\player.obj
c:\users\1323891\desktop\simworms\simwormsproject\simworms\debug\playerinputcomponent.obj
c:\users\1323891\desktop\simworms\simwormsproject\simworms\debug\playerphysicscomponent.obj
c:\users\1323891\desktop\simworms\simwormsproject\simworms\debug\screenstatemanager.obj
c:\users\1323891\desktop\simworms\simwormsproject\simworms\debug\splashscreenstate.obj
c:\users\1323891\desktop\simworms\simwormsproject\simworms\debug\terrain.obj
c:\users\1323891\desktop\simworms\simwormsproject\simworms\debug\assetsmanager.obj
c:\users\1323891\desktop\simworms\simwormsproject\simworms\debug\eventmanager.obj
c:\users\1323891\desktop\simworms\simwormsproject\simworms\debug\explosion.obj
c:\users\1323891\desktop\simworms\simwormsproject\simworms\debug\explosionsmanager.obj
c:\users\1323891\desktop\simworms\simwormsproject\simworms\debug\gameoptionsmanager.obj
c:\users\1323891\desktop\simworms\simwormsproject\simworms\debug\guicheckbox.obj
c:\users\1323891\desktop\simworms\simwormsproject\simworms\debug\guigamemenu.obj
c:\users\1323891\desktop\simworms\simwormsproject\simworms\debug\guimainmenu.obj
c:\users\1323891\desktop\simworms\simwormsproject\simworms\debug\guitextbox.obj
c:\users\1323891\desktop\simworms\simwormsproject\simworms\debug\main.obj
c:\users\1323891\desktop\simworms\simwormsproject\simworms\debug\animatedsprite.obj
c:\users\1323891\desktop\simworms\simwormsproject\simworms\debug\mainmenustate.obj
c:\users\1323891\desktop\simworms\simwormsproject\simworms\debug\map.obj
c:\users\1323891\desktop\simworms\simwormsproject\debug\simworms.pdb
c:\users\1323891\desktop\simworms\simwormsproject\debug\simworms.ilk
c:\users\1323891\desktop\simworms\simwormsproject\simworms\debug\simworms.tlog\cl.command.1.tlog
c:\users\1323891\desktop\simworms\simwormsproject\simworms\debug\simworms.tlog\cl.read.1.tlog
c:\users\1323891\desktop\simworms\simwormsproject\simworms\debug\simworms.tlog\cl.write.1.tlog
c:\users\1323891\desktop\simworms\simwormsproject\simworms\debug\simworms.tlog\link.command.1.tlog
c:\users\1323891\desktop\simworms\simwormsproject\simworms\debug\simworms.tlog\link.read.1.tlog
c:\users\1323891\desktop\simworms\simwormsproject\simworms\debug\simworms.tlog\link.write.1.tlog
