La génération a démarré 13/11/2014 19:50:02.
     1>Projet "C:\Users\Damien Arroyo\Desktop\SimWorms\SimWormsProject\SimWorms\SimWorms.vcxproj" sur le nœud 2 (Build cible(s)).
     1>ClCompile:
         C:\Program Files (x86)\Microsoft Visual Studio 12.0\VC\bin\CL.exe /c /Zi /nologo /W3 /WX- /sdl /O2 /Oi /Oy- /GL /D _MBCS /Gm- /EHsc /MD /GS /Gy /fp:precise /Zc:wchar_t /Zc:forScope /Fo"Release\\" /Fd"Release\vc120.pdb" /Gd /TP /analyze- /errorReport:prompt GuiMainMenu.cpp
         GuiMainMenu.cpp
     1>c:\users\damien arroyo\desktop\simworms\simwormsproject\simworms\oosdl\Window.h(21): warning C4244: 'argument' : conversion de 'int' en 'float', perte possible de données
       Link:
         C:\Program Files (x86)\Microsoft Visual Studio 12.0\VC\bin\link.exe /ERRORREPORT:PROMPT /OUT:"C:\Users\Damien Arroyo\Desktop\SimWorms\SimWormsProject\Release\SimWorms.exe" /NOLOGO SDL2.lib SDL2main.lib SDL2_ttf.lib SDL2_image.lib kernel32.lib user32.lib gdi32.lib winspool.lib comdlg32.lib advapi32.lib shell32.lib ole32.lib oleaut32.lib uuid.lib odbc32.lib odbccp32.lib /MANIFEST /MANIFESTUAC:"level='asInvoker' uiAccess='false'" /manifest:embed /DEBUG /PDB:"C:\Users\Damien Arroyo\Desktop\SimWorms\SimWormsProject\Release\SimWorms.pdb" /SUBSYSTEM:CONSOLE /OPT:REF /OPT:ICF /LTCG /TLBID:1 /DYNAMICBASE /NXCOMPAT /IMPLIB:"C:\Users\Damien Arroyo\Desktop\SimWorms\SimWormsProject\Release\SimWorms.lib" /MACHINE:X86 /SAFESEH Release\AssetsManager.obj
         Release\GuiMainMenu.obj
         Release\main.obj
         Release\AnimatedSprite.obj
         Release\Clock.obj
         Release\Color.obj
         Release\Keyboard.obj
         Release\Mouse.obj
         Release\Sprite.obj
         Release\StaticSprite.obj
         Release\StaticText.obj
         Release\Text.obj
         Release\Texture.obj
         Release\Transformable.obj
         Release\View.obj
         Release\Window.obj
         Release\Terrain.obj
         Génération de code en cours
         Fin de la génération du code
         SimWorms.vcxproj -> C:\Users\Damien Arroyo\Desktop\SimWorms\SimWormsProject\Release\SimWorms.exe
     1>Génération du projet "C:\Users\Damien Arroyo\Desktop\SimWorms\SimWormsProject\SimWorms\SimWorms.vcxproj" terminée (Build cible(s)).

La génération a réussi.

Temps écoulé 00:00:01.75
